<?xml version="1.0" encoding="UTF-8"?>
<!-- Generated by org.testng.reporters.JUnitReportReporter -->
<testsuite hostname="ULTP_284" name="com.SuitePageCheck.TestCase_PageCheckSandOReport" tests="1" failures="0" timestamp="9 Sep 2015 10:26:33 GMT" time="55.009" errors="0">
  <testcase name="PageCheckSandOReport" time="55.009" classname="com.SuitePageCheck.TestCase_PageCheckSandOReport"/>
</testsuite> <!-- com.SuitePageCheck.TestCase_PageCheckSandOReport -->
