<?xml version="1.0" encoding="UTF-8"?>
<!-- Generated by org.testng.reporters.JUnitReportReporter -->
<testsuite hostname="ULTP_284" name="com.SuiteExamTaker.TestCase_VerifyErrorMsg3_CreateExamTaker" tests="1" failures="1" timestamp="9 Sep 2015 10:26:33 GMT" time="0.012" errors="0">
  <testcase name="CreateNewETwithoutStudentID" time="0.012" classname="com.SuiteExamTaker.TestCase_VerifyErrorMsg3_CreateExamTaker"/>
</testsuite> <!-- com.SuiteExamTaker.TestCase_VerifyErrorMsg3_CreateExamTaker -->
