<?xml version="1.0" encoding="UTF-8"?>
<!-- Generated by org.testng.reporters.JUnitReportReporter -->
<testsuite hostname="ULTP_284" name="com.SuiteReports.TestCase_CheckSummaryReport" tests="1" failures="1" timestamp="9 Sep 2015 10:26:33 GMT" time="0.001" errors="0">
  <testcase name="CheckSummaryReports" time="0.001" classname="com.SuiteReports.TestCase_CheckSummaryReport"/>
</testsuite> <!-- com.SuiteReports.TestCase_CheckSummaryReport -->
