<?xml version="1.0" encoding="UTF-8"?>
<!-- Generated by org.testng.reporters.JUnitReportReporter -->
<testsuite hostname="ULTP_284" name="com.suiteLogin.TestCase_Login" tests="1" failures="0" timestamp="9 Sep 2015 10:26:33 GMT" time="34.437" errors="0">
  <testcase name="TestCaseLogin" time="34.437" classname="com.suiteLogin.TestCase_Login"/>
</testsuite> <!-- com.suiteLogin.TestCase_Login -->
