<?xml version="1.0" encoding="UTF-8"?>
<!-- Generated by org.testng.reporters.JUnitReportReporter -->
<testsuite hostname="ULTP_284" name="com.SuiteCommon.TestCase_CheckRubrics" tests="1" failures="1" timestamp="9 Sep 2015 10:26:33 GMT" time="0.002" errors="0">
  <testcase name="CheckRubricsTab" time="0.002" classname="com.SuiteCommon.TestCase_CheckRubrics"/>
</testsuite> <!-- com.SuiteCommon.TestCase_CheckRubrics -->
