<?xml version="1.0" encoding="UTF-8"?>
<!-- Generated by org.testng.reporters.JUnitReportReporter -->
<testsuite hostname="ULTP_284" name="com.suiteRubrics.TestCase_SaveTemplateAsRubric" tests="1" failures="1" timestamp="9 Sep 2015 10:26:33 GMT" time="0.114" errors="0">
  <testcase name="VerifySaveTemplateAsRubric" time="0.114" classname="com.suiteRubrics.TestCase_SaveTemplateAsRubric"/>
</testsuite> <!-- com.suiteRubrics.TestCase_SaveTemplateAsRubric -->
