<?xml version="1.0" encoding="UTF-8"?>
<!-- Generated by org.testng.reporters.JUnitReportReporter -->
<testsuite hostname="ULTP_284" name="com.SuitePageCheck.TestCase_PageCheckSummaryReport" tests="1" failures="0" timestamp="9 Sep 2015 10:26:33 GMT" time="66.324" errors="0">
  <testcase name="PageCheckSummaryReport" time="66.324" classname="com.SuitePageCheck.TestCase_PageCheckSummaryReport"/>
</testsuite> <!-- com.SuitePageCheck.TestCase_PageCheckSummaryReport -->
