<?xml version="1.0" encoding="UTF-8"?>
<!-- Generated by org.testng.reporters.JUnitReportReporter -->
<testsuite hostname="ULTP_284" name="com.SuiteCommon.TestCase_CheckQuestions" tests="1" failures="1" timestamp="9 Sep 2015 10:26:33 GMT" time="0.004" errors="0">
  <testcase name="CheckQuestionsTab" time="0.004" classname="com.SuiteCommon.TestCase_CheckQuestions"/>
</testsuite> <!-- com.SuiteCommon.TestCase_CheckQuestions -->
