<?xml version="1.0" encoding="UTF-8"?>
<!-- Generated by org.testng.reporters.JUnitReportReporter -->
<testsuite hostname="ULTP_284" name="com.SuiteExamTaker.TestCase_CancelCreateExamTaker" tests="1" failures="1" timestamp="9 Sep 2015 10:26:33 GMT" time="0.000" errors="0">
  <testcase name="CancelCreateNewET" time="0.000" classname="com.SuiteExamTaker.TestCase_CancelCreateExamTaker"/>
</testsuite> <!-- com.SuiteExamTaker.TestCase_CancelCreateExamTaker -->
