<?xml version="1.0" encoding="UTF-8"?>
<!-- Generated by org.testng.reporters.JUnitReportReporter -->
<testsuite hostname="ULTP_284" name="com.suiteUsers.TestCase_CreateUser" tests="1" failures="1" timestamp="9 Sep 2015 10:26:33 GMT" time="0.001" errors="0">
  <testcase name="verifyCreateUser" time="0.001" classname="com.suiteUsers.TestCase_CreateUser"/>
</testsuite> <!-- com.suiteUsers.TestCase_CreateUser -->
